Teradata Parallel Transporter Version 15.10.01.07 64-Bit
Job log: /opt/teradata/client/15.10/tbuild/logs/ec2-user-245.out
Job id is ec2-user-245, running on danis-test2
Teradata Parallel Transporter DataConnector Operator Version 15.10.01.07
$FILE_WRITER[1]: Instance 1 directing private log report to 'dtacop-ec2-user-8573-1'.
Teradata Parallel Transporter Export Operator Version 15.10.01.07
$EXPORT: private log specified: EXPORT_OPERATOR_LOG
$FILE_WRITER[1]: DataConnector Consumer operator Instances: 1
$FILE_WRITER[1]: ECI operator ID: '$FILE_WRITER-8573'
$EXPORT: connecting sessions
$FILE_WRITER[1]: Operator instance 1 processing file '/home/ec2-user/s3/static-files/VW_LU_SKU_GROUP_A/VW_LU_SKU_GROUP_A_20170831.csv'.
$EXPORT: sending SELECT request
$EXPORT: entering End Export Phase
$EXPORT: Total Rows Exported:  8
$EXPORT: disconnecting sessions
$FILE_WRITER[1]: Total files processed: 1.
$EXPORT: Total processor time used = '0.08 Second(s)'
$EXPORT: Start : Thu Aug 31 16:44:34 2017
$EXPORT: End   : Thu Aug 31 16:44:41 2017
Job step EXPORT_LIST_OBJECTS completed successfully
Teradata Parallel Transporter OS Command Operator Version 15.10.01.07
$OS_COMMAND: private log not specified
$OS_COMMAND: Total processor time used = '0.004 Second(s)'
$OS_COMMAND: Start : Thu Aug 31 16:44:43 2017
$OS_COMMAND: End   : Thu Aug 31 16:44:44 2017
Job step META_WRITE completed successfully
Job ec2-user completed successfully, but with warning(s).
Job start: Thu Aug 31 16:44:30 2017
Job end:   Thu Aug 31 16:44:44 2017
